#
# A fatal error has been detected by the Java Runtime Environment:
#
#  Internal Error (oopMapCache.cpp:110), pid=3662, tid=40963
#  Error: ShouldNotReachHere()
#
# JRE version: Java(TM) SE Runtime Environment (13.0.2+8) (build 13.0.2+8)
# Java VM: Java HotSpot(TM) 64-Bit Server VM (13.0.2+8, mixed mode, sharing, tiered, compressed oops, g1 gc, bsd-amd64)
# No core dump will be written. Core dumps have been disabled. To enable core dumping, try "ulimit -c unlimited" before starting Java again
#
# If you would like to submit a bug report, please visit:
#   http://bugreport.java.com/bugreport/crash.jsp
#

---------------  S U M M A R Y ------------

Command Line: -agentlib:jdwp=transport=dt_socket,suspend=y,address=localhost:51309 -javaagent:/Users/seymaatasoy/eclipse/java-2019-1230/Eclipse.app/Contents/Eclipse/configuration/org.eclipse.osgi/219/0/.cp/lib/javaagent-shaded.jar -Dfile.encoding=UTF-8 --module-path=/Users/seymaatasoy/eclipse-workspace/Repl/bin -Djdk.module.main=Repl Repl/ReplHomeworks.Repl97

Host: MacBookPro14,1 x86_64 2300 MHz, 4 cores, 8G, Darwin 17.7.0
Time: Sat Mar 21 02:12:06 2020 EDT elapsed time: 234 seconds (0d 0h 3m 54s)

---------------  T H R E A D  ---------------

Current thread (0x00007faf1300d800):  JavaThread "JDWP Transport Listener: dt_socket" daemon [_thread_in_vm, id=40963, stack(0x0000700007716000,0x0000700007816000)] _threads_hazard_ptr=0x00007faf125841c0

Stack: [0x0000700007716000,0x0000700007816000],  sp=0x00007000078151f0,  free space=1020k
Native frames: (J=compiled Java code, A=aot compiled Java code, j=interpreted, Vv=VM code, C=native code)
V  [libjvm.dylib+0x77ae05]  VMError::report_and_die(int, char const*, char const*, __va_list_tag*, Thread*, unsigned char*, void*, void*, char const*, int, unsigned long)+0x671
V  [libjvm.dylib+0x77b3f5]  VMError::report_and_die(Thread*, void*, char const*, int, char const*, char const*, __va_list_tag*)+0x47
V  [libjvm.dylib+0x2588f8]  report_vm_error(char const*, int, char const*, char const*, ...)+0xa9
V  [libjvm.dylib+0x617c7c]  OopMapForCacheEntry::compute_map(Thread*)+0x7e
V  [libjvm.dylib+0x618434]  OopMapCacheEntry::fill(methodHandle const&, int)+0xac
V  [libjvm.dylib+0x618d65]  OopMapCache::compute_one_oop_map(methodHandle const&, int, InterpreterOopMap*)+0x5d
V  [libjvm.dylib+0x5e1864]  Method::mask_for(int, InterpreterOopMap*)+0x7e
V  [libjvm.dylib+0x770a02]  interpretedVFrame::stack_data(bool) const+0x48
V  [libjvm.dylib+0x4f9431]  VM_GetOrSetLocal::check_slot_type_no_lvt(javaVFrame*)+0x4d
V  [libjvm.dylib+0x4f94df]  VM_GetOrSetLocal::doit_prologue()+0x4f
V  [libjvm.dylib+0x783af0]  VMThread::execute(VM_Operation*)+0x13e
V  [libjvm.dylib+0x4e577e]  JvmtiEnv::GetLocalInt(JavaThread*, int, int, int*)+0x5c
V  [libjvm.dylib+0x4a7bb8]  jvmti_GetLocalInt(_jvmtiEnv*, _jobject*, int, int, int*)+0x157
C  [libjdwp.dylib+0x6db8]  getValues+0x544
C  [libjdwp.dylib+0xece9]  debugLoop_run+0x1f1
C  [libjdwp.dylib+0x1fe0c]  attachThread+0x4c
V  [libjvm.dylib+0x4f7f42]  JvmtiAgentThread::call_start_function()+0x38
V  [libjvm.dylib+0x72a2f4]  JavaThread::thread_main_inner()+0x86
V  [libjvm.dylib+0x72a132]  JavaThread::run()+0x124
V  [libjvm.dylib+0x727f51]  Thread::call_run()+0x71
V  [libjvm.dylib+0x6206a5]  thread_native_entry(Thread*)+0x132
C  [libsystem_pthread.dylib+0x3661]  _pthread_body+0x154
C  [libsystem_pthread.dylib+0x350d]  _pthread_body+0x0
C  [libsystem_pthread.dylib+0x2bf9]  thread_start+0xd


---------------  P R O C E S S  ---------------

Threads class SMR info:
_java_thread_list=0x00007faf125841c0, length=12, elements={
0x00007faf13805800, 0x00007faf13001800, 0x00007faf13004800, 0x00007faf13006800,
0x00007faf1380f800, 0x00007faf13826000, 0x00007faf14002800, 0x00007faf13003000,
0x00007faf1300d800, 0x00007faf12803800, 0x00007faf128be000, 0x00007faf12961000
}

Java Threads: ( => current thread )
  0x00007faf13805800 JavaThread "main" [_thread_blocked, id=9219, stack(0x000000010daee000,0x000000010dbee000)]
  0x00007faf13001800 JavaThread "Reference Handler" daemon [_thread_blocked, id=14595, stack(0x0000700006f7e000,0x000070000707e000)]
  0x00007faf13004800 JavaThread "Finalizer" daemon [_thread_blocked, id=15363, stack(0x0000700007081000,0x0000700007181000)]
  0x00007faf13006800 JavaThread "Signal Dispatcher" daemon [_thread_blocked, id=15879, stack(0x0000700007207000,0x0000700007307000)]
  0x00007faf1380f800 JavaThread "C2 CompilerThread0" daemon [_thread_blocked, id=42499, stack(0x000070000730a000,0x000070000740a000)]
  0x00007faf13826000 JavaThread "C1 CompilerThread0" daemon [_thread_blocked, id=41987, stack(0x000070000740d000,0x000070000750d000)]
  0x00007faf14002800 JavaThread "Sweeper thread" daemon [_thread_blocked, id=41731, stack(0x0000700007510000,0x0000700007610000)]
  0x00007faf13003000 JavaThread "Common-Cleaner" daemon [_thread_blocked, id=41219, stack(0x0000700007613000,0x0000700007713000)]
=>0x00007faf1300d800 JavaThread "JDWP Transport Listener: dt_socket" daemon [_thread_in_vm, id=40963, stack(0x0000700007716000,0x0000700007816000)] _threads_hazard_ptr=0x00007faf125841c0
  0x00007faf12803800 JavaThread "JDWP Event Helper Thread" daemon [_thread_blocked, id=40707, stack(0x0000700007819000,0x0000700007919000)]
  0x00007faf128be000 JavaThread "JDWP Command Reader" daemon [_thread_in_native, id=24579, stack(0x000070000791c000,0x0000700007a1c000)]
  0x00007faf12961000 JavaThread "Service Thread" daemon [_thread_blocked, id=39939, stack(0x0000700007a1f000,0x0000700007b1f000)]

Other Threads:
  0x00007faf1380f000 VMThread "VM Thread" [stack: 0x0000700006e7b000,0x0000700006f7b000] [id=18947]
  0x00007faf1293e800 WatcherThread [stack: 0x0000700007b22000,0x0000700007c22000] [id=39683]
  0x00007faf12838800 GCTaskThread "GC Thread#0" [stack: 0x000070000696c000,0x0000700006a6c000] [id=11779]
  0x00007faf1284a000 ConcurrentGCThread "G1 Main Marker" [stack: 0x0000700006a6f000,0x0000700006b6f000] [id=12291]
  0x00007faf1284a800 ConcurrentGCThread "G1 Conc#0" [stack: 0x0000700006b72000,0x0000700006c72000] [id=19971]
  0x00007faf1289b800 ConcurrentGCThread "G1 Refine#0" [stack: 0x0000700006c75000,0x0000700006d75000] [id=19715]
  0x00007faf1289c000 ConcurrentGCThread "G1 Young RemSet Sampling" [stack: 0x0000700006d78000,0x0000700006e78000] [id=13059]

Threads with active compile tasks:

VM state:not at safepoint (normal execution)

VM Mutex/Monitor currently owned by a thread: None

Heap address: 0x0000000780000000, size: 2048 MB, Compressed Oops mode: Zero based, Oop shift amount: 3
Narrow klass base: 0x0000000800000000, Narrow klass shift: 3
Compressed class space size: 1073741824 Address: 0x0000000800ae0000

Heap:
 garbage-first heap   total 133120K, used 5880K [0x0000000780000000, 0x0000000800000000)
  region size 1024K, 6 young (6144K), 0 survivors (0K)
 Metaspace       used 3390K, capacity 5001K, committed 5120K, reserved 1056768K
  class space    used 339K, capacity 475K, committed 512K, reserved 1048576K
Heap Regions: E=young(eden), S=young(survivor), O=old, HS=humongous(starts), HC=humongous(continues), CS=collection set, F=free, A=archive, TAMS=top-at-mark-start (previous, next)
|   0|0x0000000780000000, 0x0000000780000000, 0x0000000780100000|  0%| F|  |TAMS 0x0000000780000000, 0x0000000780000000| Untracked 
|   1|0x0000000780100000, 0x0000000780100000, 0x0000000780200000|  0%| F|  |TAMS 0x0000000780100000, 0x0000000780100000| Untracked 
|   2|0x0000000780200000, 0x0000000780200000, 0x0000000780300000|  0%| F|  |TAMS 0x0000000780200000, 0x0000000780200000| Untracked 
|   3|0x0000000780300000, 0x0000000780300000, 0x0000000780400000|  0%| F|  |TAMS 0x0000000780300000, 0x0000000780300000| Untracked 
|   4|0x0000000780400000, 0x0000000780400000, 0x0000000780500000|  0%| F|  |TAMS 0x0000000780400000, 0x0000000780400000| Untracked 
|   5|0x0000000780500000, 0x0000000780500000, 0x0000000780600000|  0%| F|  |TAMS 0x0000000780500000, 0x0000000780500000| Untracked 
|   6|0x0000000780600000, 0x0000000780600000, 0x0000000780700000|  0%| F|  |TAMS 0x0000000780600000, 0x0000000780600000| Untracked 
|   7|0x0000000780700000, 0x0000000780700000, 0x0000000780800000|  0%| F|  |TAMS 0x0000000780700000, 0x0000000780700000| Untracked 
|   8|0x0000000780800000, 0x0000000780800000, 0x0000000780900000|  0%| F|  |TAMS 0x0000000780800000, 0x0000000780800000| Untracked 
|   9|0x0000000780900000, 0x0000000780900000, 0x0000000780a00000|  0%| F|  |TAMS 0x0000000780900000, 0x0000000780900000| Untracked 
|  10|0x0000000780a00000, 0x0000000780a00000, 0x0000000780b00000|  0%| F|  |TAMS 0x0000000780a00000, 0x0000000780a00000| Untracked 
|  11|0x0000000780b00000, 0x0000000780b00000, 0x0000000780c00000|  0%| F|  |TAMS 0x0000000780b00000, 0x0000000780b00000| Untracked 
|  12|0x0000000780c00000, 0x0000000780c00000, 0x0000000780d00000|  0%| F|  |TAMS 0x0000000780c00000, 0x0000000780c00000| Untracked 
|  13|0x0000000780d00000, 0x0000000780d00000, 0x0000000780e00000|  0%| F|  |TAMS 0x0000000780d00000, 0x0000000780d00000| Untracked 
|  14|0x0000000780e00000, 0x0000000780e00000, 0x0000000780f00000|  0%| F|  |TAMS 0x0000000780e00000, 0x0000000780e00000| Untracked 
|  15|0x0000000780f00000, 0x0000000780f00000, 0x0000000781000000|  0%| F|  |TAMS 0x0000000780f00000, 0x0000000780f00000| Untracked 
|  16|0x0000000781000000, 0x0000000781000000, 0x0000000781100000|  0%| F|  |TAMS 0x0000000781000000, 0x0000000781000000| Untracked 
|  17|0x0000000781100000, 0x0000000781100000, 0x0000000781200000|  0%| F|  |TAMS 0x0000000781100000, 0x0000000781100000| Untracked 
|  18|0x0000000781200000, 0x0000000781200000, 0x0000000781300000|  0%| F|  |TAMS 0x0000000781200000, 0x0000000781200000| Untracked 
|  19|0x0000000781300000, 0x0000000781300000, 0x0000000781400000|  0%| F|  |TAMS 0x0000000781300000, 0x0000000781300000| Untracked 
|  20|0x0000000781400000, 0x0000000781400000, 0x0000000781500000|  0%| F|  |TAMS 0x0000000781400000, 0x0000000781400000| Untracked 
|  21|0x0000000781500000, 0x0000000781500000, 0x0000000781600000|  0%| F|  |TAMS 0x0000000781500000, 0x0000000781500000| Untracked 
|  22|0x0000000781600000, 0x0000000781600000, 0x0000000781700000|  0%| F|  |TAMS 0x0000000781600000, 0x0000000781600000| Untracked 
|  23|0x0000000781700000, 0x0000000781700000, 0x0000000781800000|  0%| F|  |TAMS 0x0000000781700000, 0x0000000781700000| Untracked 
|  24|0x0000000781800000, 0x0000000781800000, 0x0000000781900000|  0%| F|  |TAMS 0x0000000781800000, 0x0000000781800000| Untracked 
|  25|0x0000000781900000, 0x0000000781900000, 0x0000000781a00000|  0%| F|  |TAMS 0x0000000781900000, 0x0000000781900000| Untracked 
|  26|0x0000000781a00000, 0x0000000781a00000, 0x0000000781b00000|  0%| F|  |TAMS 0x0000000781a00000, 0x0000000781a00000| Untracked 
|  27|0x0000000781b00000, 0x0000000781b00000, 0x0000000781c00000|  0%| F|  |TAMS 0x0000000781b00000, 0x0000000781b00000| Untracked 
|  28|0x0000000781c00000, 0x0000000781c00000, 0x0000000781d00000|  0%| F|  |TAMS 0x0000000781c00000, 0x0000000781c00000| Untracked 
|  29|0x0000000781d00000, 0x0000000781d00000, 0x0000000781e00000|  0%| F|  |TAMS 0x0000000781d00000, 0x0000000781d00000| Untracked 
|  30|0x0000000781e00000, 0x0000000781e00000, 0x0000000781f00000|  0%| F|  |TAMS 0x0000000781e00000, 0x0000000781e00000| Untracked 
|  31|0x0000000781f00000, 0x0000000781f00000, 0x0000000782000000|  0%| F|  |TAMS 0x0000000781f00000, 0x0000000781f00000| Untracked 
|  32|0x0000000782000000, 0x0000000782000000, 0x0000000782100000|  0%| F|  |TAMS 0x0000000782000000, 0x0000000782000000| Untracked 
|  33|0x0000000782100000, 0x0000000782100000, 0x0000000782200000|  0%| F|  |TAMS 0x0000000782100000, 0x0000000782100000| Untracked 
|  34|0x0000000782200000, 0x0000000782200000, 0x0000000782300000|  0%| F|  |TAMS 0x0000000782200000, 0x0000000782200000| Untracked 
|  35|0x0000000782300000, 0x0000000782300000, 0x0000000782400000|  0%| F|  |TAMS 0x0000000782300000, 0x0000000782300000| Untracked 
|  36|0x0000000782400000, 0x0000000782400000, 0x0000000782500000|  0%| F|  |TAMS 0x0000000782400000, 0x0000000782400000| Untracked 
|  37|0x0000000782500000, 0x0000000782500000, 0x0000000782600000|  0%| F|  |TAMS 0x0000000782500000, 0x0000000782500000| Untracked 
|  38|0x0000000782600000, 0x0000000782600000, 0x0000000782700000|  0%| F|  |TAMS 0x0000000782600000, 0x0000000782600000| Untracked 
|  39|0x0000000782700000, 0x0000000782700000, 0x0000000782800000|  0%| F|  |TAMS 0x0000000782700000, 0x0000000782700000| Untracked 
|  40|0x0000000782800000, 0x0000000782800000, 0x0000000782900000|  0%| F|  |TAMS 0x0000000782800000, 0x0000000782800000| Untracked 
|  41|0x0000000782900000, 0x0000000782900000, 0x0000000782a00000|  0%| F|  |TAMS 0x0000000782900000, 0x0000000782900000| Untracked 
|  42|0x0000000782a00000, 0x0000000782a00000, 0x0000000782b00000|  0%| F|  |TAMS 0x0000000782a00000, 0x0000000782a00000| Untracked 
|  43|0x0000000782b00000, 0x0000000782b00000, 0x0000000782c00000|  0%| F|  |TAMS 0x0000000782b00000, 0x0000000782b00000| Untracked 
|  44|0x0000000782c00000, 0x0000000782c00000, 0x0000000782d00000|  0%| F|  |TAMS 0x0000000782c00000, 0x0000000782c00000| Untracked 
|  45|0x0000000782d00000, 0x0000000782d00000, 0x0000000782e00000|  0%| F|  |TAMS 0x0000000782d00000, 0x0000000782d00000| Untracked 
|  46|0x0000000782e00000, 0x0000000782e00000, 0x0000000782f00000|  0%| F|  |TAMS 0x0000000782e00000, 0x0000000782e00000| Untracked 
|  47|0x0000000782f00000, 0x0000000782f00000, 0x0000000783000000|  0%| F|  |TAMS 0x0000000782f00000, 0x0000000782f00000| Untracked 
|  48|0x0000000783000000, 0x0000000783000000, 0x0000000783100000|  0%| F|  |TAMS 0x0000000783000000, 0x0000000783000000| Untracked 
|  49|0x0000000783100000, 0x0000000783100000, 0x0000000783200000|  0%| F|  |TAMS 0x0000000783100000, 0x0000000783100000| Untracked 
|  50|0x0000000783200000, 0x0000000783200000, 0x0000000783300000|  0%| F|  |TAMS 0x0000000783200000, 0x0000000783200000| Untracked 
|  51|0x0000000783300000, 0x0000000783300000, 0x0000000783400000|  0%| F|  |TAMS 0x0000000783300000, 0x0000000783300000| Untracked 
|  52|0x0000000783400000, 0x0000000783400000, 0x0000000783500000|  0%| F|  |TAMS 0x0000000783400000, 0x0000000783400000| Untracked 
|  53|0x0000000783500000, 0x0000000783500000, 0x0000000783600000|  0%| F|  |TAMS 0x0000000783500000, 0x0000000783500000| Untracked 
|  54|0x0000000783600000, 0x0000000783600000, 0x0000000783700000|  0%| F|  |TAMS 0x0000000783600000, 0x0000000783600000| Untracked 
|  55|0x0000000783700000, 0x0000000783700000, 0x0000000783800000|  0%| F|  |TAMS 0x0000000783700000, 0x0000000783700000| Untracked 
|  56|0x0000000783800000, 0x0000000783800000, 0x0000000783900000|  0%| F|  |TAMS 0x0000000783800000, 0x0000000783800000| Untracked 
|  57|0x0000000783900000, 0x0000000783900000, 0x0000000783a00000|  0%| F|  |TAMS 0x0000000783900000, 0x0000000783900000| Untracked 
|  58|0x0000000783a00000, 0x0000000783a00000, 0x0000000783b00000|  0%| F|  |TAMS 0x0000000783a00000, 0x0000000783a00000| Untracked 
|  59|0x0000000783b00000, 0x0000000783b00000, 0x0000000783c00000|  0%| F|  |TAMS 0x0000000783b00000, 0x0000000783b00000| Untracked 
|  60|0x0000000783c00000, 0x0000000783c00000, 0x0000000783d00000|  0%| F|  |TAMS 0x0000000783c00000, 0x0000000783c00000| Untracked 
|  61|0x0000000783d00000, 0x0000000783d00000, 0x0000000783e00000|  0%| F|  |TAMS 0x0000000783d00000, 0x0000000783d00000| Untracked 
|  62|0x0000000783e00000, 0x0000000783e00000, 0x0000000783f00000|  0%| F|  |TAMS 0x0000000783e00000, 0x0000000783e00000| Untracked 
|  63|0x0000000783f00000, 0x0000000783f00000, 0x0000000784000000|  0%| F|  |TAMS 0x0000000783f00000, 0x0000000783f00000| Untracked 
|  64|0x0000000784000000, 0x0000000784000000, 0x0000000784100000|  0%| F|  |TAMS 0x0000000784000000, 0x0000000784000000| Untracked 
|  65|0x0000000784100000, 0x0000000784100000, 0x0000000784200000|  0%| F|  |TAMS 0x0000000784100000, 0x0000000784100000| Untracked 
|  66|0x0000000784200000, 0x0000000784200000, 0x0000000784300000|  0%| F|  |TAMS 0x0000000784200000, 0x0000000784200000| Untracked 
|  67|0x0000000784300000, 0x0000000784300000, 0x0000000784400000|  0%| F|  |TAMS 0x0000000784300000, 0x0000000784300000| Untracked 
|  68|0x0000000784400000, 0x0000000784400000, 0x0000000784500000|  0%| F|  |TAMS 0x0000000784400000, 0x0000000784400000| Untracked 
|  69|0x0000000784500000, 0x0000000784500000, 0x0000000784600000|  0%| F|  |TAMS 0x0000000784500000, 0x0000000784500000| Untracked 
|  70|0x0000000784600000, 0x0000000784600000, 0x0000000784700000|  0%| F|  |TAMS 0x0000000784600000, 0x0000000784600000| Untracked 
|  71|0x0000000784700000, 0x0000000784700000, 0x0000000784800000|  0%| F|  |TAMS 0x0000000784700000, 0x0000000784700000| Untracked 
|  72|0x0000000784800000, 0x0000000784800000, 0x0000000784900000|  0%| F|  |TAMS 0x0000000784800000, 0x0000000784800000| Untracked 
|  73|0x0000000784900000, 0x0000000784900000, 0x0000000784a00000|  0%| F|  |TAMS 0x0000000784900000, 0x0000000784900000| Untracked 
|  74|0x0000000784a00000, 0x0000000784a00000, 0x0000000784b00000|  0%| F|  |TAMS 0x0000000784a00000, 0x0000000784a00000| Untracked 
|  75|0x0000000784b00000, 0x0000000784b00000, 0x0000000784c00000|  0%| F|  |TAMS 0x0000000784b00000, 0x0000000784b00000| Untracked 
|  76|0x0000000784c00000, 0x0000000784c00000, 0x0000000784d00000|  0%| F|  |TAMS 0x0000000784c00000, 0x0000000784c00000| Untracked 
|  77|0x0000000784d00000, 0x0000000784d00000, 0x0000000784e00000|  0%| F|  |TAMS 0x0000000784d00000, 0x0000000784d00000| Untracked 
|  78|0x0000000784e00000, 0x0000000784e00000, 0x0000000784f00000|  0%| F|  |TAMS 0x0000000784e00000, 0x0000000784e00000| Untracked 
|  79|0x0000000784f00000, 0x0000000784f00000, 0x0000000785000000|  0%| F|  |TAMS 0x0000000784f00000, 0x0000000784f00000| Untracked 
|  80|0x0000000785000000, 0x0000000785000000, 0x0000000785100000|  0%| F|  |TAMS 0x0000000785000000, 0x0000000785000000| Untracked 
|  81|0x0000000785100000, 0x0000000785100000, 0x0000000785200000|  0%| F|  |TAMS 0x0000000785100000, 0x0000000785100000| Untracked 
|  82|0x0000000785200000, 0x0000000785200000, 0x0000000785300000|  0%| F|  |TAMS 0x0000000785200000, 0x0000000785200000| Untracked 
|  83|0x0000000785300000, 0x0000000785300000, 0x0000000785400000|  0%| F|  |TAMS 0x0000000785300000, 0x0000000785300000| Untracked 
|  84|0x0000000785400000, 0x0000000785400000, 0x0000000785500000|  0%| F|  |TAMS 0x0000000785400000, 0x0000000785400000| Untracked 
|  85|0x0000000785500000, 0x0000000785500000, 0x0000000785600000|  0%| F|  |TAMS 0x0000000785500000, 0x0000000785500000| Untracked 
|  86|0x0000000785600000, 0x0000000785600000, 0x0000000785700000|  0%| F|  |TAMS 0x0000000785600000, 0x0000000785600000| Untracked 
|  87|0x0000000785700000, 0x0000000785700000, 0x0000000785800000|  0%| F|  |TAMS 0x0000000785700000, 0x0000000785700000| Untracked 
|  88|0x0000000785800000, 0x0000000785800000, 0x0000000785900000|  0%| F|  |TAMS 0x0000000785800000, 0x0000000785800000| Untracked 
|  89|0x0000000785900000, 0x0000000785900000, 0x0000000785a00000|  0%| F|  |TAMS 0x0000000785900000, 0x0000000785900000| Untracked 
|  90|0x0000000785a00000, 0x0000000785a00000, 0x0000000785b00000|  0%| F|  |TAMS 0x0000000785a00000, 0x0000000785a00000| Untracked 
|  91|0x0000000785b00000, 0x0000000785b00000, 0x0000000785c00000|  0%| F|  |TAMS 0x0000000785b00000, 0x0000000785b00000| Untracked 
|  92|0x0000000785c00000, 0x0000000785c00000, 0x0000000785d00000|  0%| F|  |TAMS 0x0000000785c00000, 0x0000000785c00000| Untracked 
|  93|0x0000000785d00000, 0x0000000785d00000, 0x0000000785e00000|  0%| F|  |TAMS 0x0000000785d00000, 0x0000000785d00000| Untracked 
|  94|0x0000000785e00000, 0x0000000785e00000, 0x0000000785f00000|  0%| F|  |TAMS 0x0000000785e00000, 0x0000000785e00000| Untracked 
|  95|0x0000000785f00000, 0x0000000785f00000, 0x0000000786000000|  0%| F|  |TAMS 0x0000000785f00000, 0x0000000785f00000| Untracked 
|  96|0x0000000786000000, 0x0000000786000000, 0x0000000786100000|  0%| F|  |TAMS 0x0000000786000000, 0x0000000786000000| Untracked 
|  97|0x0000000786100000, 0x0000000786100000, 0x0000000786200000|  0%| F|  |TAMS 0x0000000786100000, 0x0000000786100000| Untracked 
|  98|0x0000000786200000, 0x0000000786200000, 0x0000000786300000|  0%| F|  |TAMS 0x0000000786200000, 0x0000000786200000| Untracked 
|  99|0x0000000786300000, 0x0000000786300000, 0x0000000786400000|  0%| F|  |TAMS 0x0000000786300000, 0x0000000786300000| Untracked 
| 100|0x0000000786400000, 0x0000000786400000, 0x0000000786500000|  0%| F|  |TAMS 0x0000000786400000, 0x0000000786400000| Untracked 
| 101|0x0000000786500000, 0x0000000786500000, 0x0000000786600000|  0%| F|  |TAMS 0x0000000786500000, 0x0000000786500000| Untracked 
| 102|0x0000000786600000, 0x0000000786600000, 0x0000000786700000|  0%| F|  |TAMS 0x0000000786600000, 0x0000000786600000| Untracked 
| 103|0x0000000786700000, 0x0000000786700000, 0x0000000786800000|  0%| F|  |TAMS 0x0000000786700000, 0x0000000786700000| Untracked 
| 104|0x0000000786800000, 0x0000000786800000, 0x0000000786900000|  0%| F|  |TAMS 0x0000000786800000, 0x0000000786800000| Untracked 
| 105|0x0000000786900000, 0x0000000786900000, 0x0000000786a00000|  0%| F|  |TAMS 0x0000000786900000, 0x0000000786900000| Untracked 
| 106|0x0000000786a00000, 0x0000000786a00000, 0x0000000786b00000|  0%| F|  |TAMS 0x0000000786a00000, 0x0000000786a00000| Untracked 
| 107|0x0000000786b00000, 0x0000000786b00000, 0x0000000786c00000|  0%| F|  |TAMS 0x0000000786b00000, 0x0000000786b00000| Untracked 
| 108|0x0000000786c00000, 0x0000000786c00000, 0x0000000786d00000|  0%| F|  |TAMS 0x0000000786c00000, 0x0000000786c00000| Untracked 
| 109|0x0000000786d00000, 0x0000000786d00000, 0x0000000786e00000|  0%| F|  |TAMS 0x0000000786d00000, 0x0000000786d00000| Untracked 
| 110|0x0000000786e00000, 0x0000000786e00000, 0x0000000786f00000|  0%| F|  |TAMS 0x0000000786e00000, 0x0000000786e00000| Untracked 
| 111|0x0000000786f00000, 0x0000000786f00000, 0x0000000787000000|  0%| F|  |TAMS 0x0000000786f00000, 0x0000000786f00000| Untracked 
| 112|0x0000000787000000, 0x0000000787000000, 0x0000000787100000|  0%| F|  |TAMS 0x0000000787000000, 0x0000000787000000| Untracked 
| 113|0x0000000787100000, 0x0000000787100000, 0x0000000787200000|  0%| F|  |TAMS 0x0000000787100000, 0x0000000787100000| Untracked 
| 114|0x0000000787200000, 0x0000000787200000, 0x0000000787300000|  0%| F|  |TAMS 0x0000000787200000, 0x0000000787200000| Untracked 
| 115|0x0000000787300000, 0x0000000787300000, 0x0000000787400000|  0%| F|  |TAMS 0x0000000787300000, 0x0000000787300000| Untracked 
| 116|0x0000000787400000, 0x0000000787400000, 0x0000000787500000|  0%| F|  |TAMS 0x0000000787400000, 0x0000000787400000| Untracked 
| 117|0x0000000787500000, 0x0000000787500000, 0x0000000787600000|  0%| F|  |TAMS 0x0000000787500000, 0x0000000787500000| Untracked 
| 118|0x0000000787600000, 0x0000000787600000, 0x0000000787700000|  0%| F|  |TAMS 0x0000000787600000, 0x0000000787600000| Untracked 
| 119|0x0000000787700000, 0x0000000787700000, 0x0000000787800000|  0%| F|  |TAMS 0x0000000787700000, 0x0000000787700000| Untracked 
| 120|0x0000000787800000, 0x0000000787800000, 0x0000000787900000|  0%| F|  |TAMS 0x0000000787800000, 0x0000000787800000| Untracked 
| 121|0x0000000787900000, 0x0000000787900000, 0x0000000787a00000|  0%| F|  |TAMS 0x0000000787900000, 0x0000000787900000| Untracked 
| 122|0x0000000787a00000, 0x0000000787a484f0, 0x0000000787b00000| 28%| E|  |TAMS 0x0000000787a00000, 0x0000000787a00000| Complete 
| 123|0x0000000787b00000, 0x0000000787c00000, 0x0000000787c00000|100%| E|CS|TAMS 0x0000000787b00000, 0x0000000787b00000| Complete 
| 124|0x0000000787c00000, 0x0000000787d00000, 0x0000000787d00000|100%| E|CS|TAMS 0x0000000787c00000, 0x0000000787c00000| Complete 
| 125|0x0000000787d00000, 0x0000000787e00000, 0x0000000787e00000|100%| E|CS|TAMS 0x0000000787d00000, 0x0000000787d00000| Complete 
| 126|0x0000000787e00000, 0x0000000787f00000, 0x0000000787f00000|100%| E|CS|TAMS 0x0000000787e00000, 0x0000000787e00000| Complete 
| 127|0x0000000787f00000, 0x0000000788000000, 0x0000000788000000|100%| E|CS|TAMS 0x0000000787f00000, 0x0000000787f00000| Complete 
|1022|0x00000007bfe00000, 0x00000007bfe47000, 0x00000007bff00000| 27%|OA|  |TAMS 0x00000007bfe00000, 0x00000007bfe00000| Untracked 
|1023|0x00000007bff00000, 0x00000007bff77000, 0x00000007c0000000| 46%|CA|  |TAMS 0x00000007bff00000, 0x00000007bff00000| Untracked 

Card table byte_map: [0x000000011818d000,0x000000011858d000] _byte_map_base: 0x000000011458d000

Marking Bits (Prev, Next): (CMBitMap*) 0x00007faf12839418, (CMBitMap*) 0x00007faf12839458
 Prev Bits: [0x000000011898d000, 0x000000011a98d000)
 Next Bits: [0x000000011a98d000, 0x000000011c98d000)

Polling page: 0x000000010dbfd000

Metaspace:

Usage:
  Non-class:      4.42 MB capacity,     2.98 MB ( 67%) used,     1.43 MB ( 32%) free+waste,     6.31 KB ( <1%) overhead. 
      Class:    475.00 KB capacity,   339.22 KB ( 71%) used,   132.28 KB ( 28%) free+waste,     3.50 KB ( <1%) overhead. 
       Both:      4.88 MB capacity,     3.31 MB ( 68%) used,     1.56 MB ( 32%) free+waste,     9.81 KB ( <1%) overhead. 

Virtual space:
  Non-class space:        8.00 MB reserved,       4.50 MB ( 56%) committed 
      Class space:        1.00 GB reserved,     512.00 KB ( <1%) committed 
             Both:        1.01 GB reserved,       5.00 MB ( <1%) committed 

Chunk freelists:
   Non-Class:  26.00 KB
       Class:  5.00 KB
        Both:  31.00 KB

MaxMetaspaceSize: unlimited
CompressedClassSpaceSize: 1.00 GB

CodeHeap 'non-profiled nmethods': size=120032Kb used=126Kb max_used=126Kb free=119905Kb
 bounds [0x00000001249d6000, 0x0000000124c46000, 0x000000012bf0e000]
CodeHeap 'profiled nmethods': size=120028Kb used=633Kb max_used=633Kb free=119394Kb
 bounds [0x000000011d49f000, 0x000000011d70f000, 0x00000001249d6000]
CodeHeap 'non-nmethods': size=5700Kb used=1213Kb max_used=1227Kb free=4486Kb
 bounds [0x000000011cf0e000, 0x000000011d17e000, 0x000000011d49f000]
 total_blobs=922 nmethods=427 adapters=307
 compilation: enabled
              stopped_count=0, restarted_count=0
 full_count=0

Compilation events (20 events):
Event: 90.217 Thread 0x00007faf13826000  418       3       org.eclipse.jdt.launching.internal.org.objectweb.asm.ClassReader::readUtf (161 bytes)
Event: 90.220 Thread 0x00007faf13826000 nmethod 418 0x000000011d539490 code [0x000000011d539680, 0x000000011d539cf8]
Event: 90.220 Thread 0x00007faf13826000  420       3       org.eclipse.jdt.launching.internal.org.objectweb.asm.ByteVector::putUTF8 (144 bytes)
Event: 90.221 Thread 0x00007faf13826000 nmethod 420 0x000000011d53a090 code [0x000000011d53a300, 0x000000011d53aea8]
Event: 90.221 Thread 0x00007faf13826000  419       3       org.eclipse.jdt.launching.internal.org.objectweb.asm.SymbolTable::hash (10 bytes)
Event: 90.221 Thread 0x00007faf13826000 nmethod 419 0x000000011d53b410 code [0x000000011d53b5c0, 0x000000011d53b748]
Event: 169.215 Thread 0x00007faf13826000  421       1       java.security.ProtectionDomain::getCodeSource (5 bytes)
Event: 169.215 Thread 0x00007faf13826000 nmethod 421 0x00000001249f5210 code [0x00000001249f53a0, 0x00000001249f54d0]
Event: 169.215 Thread 0x00007faf13826000  422       3       org.eclipse.jdt.launching.internal.org.objectweb.asm.ClassReader::readUTF8 (23 bytes)
Event: 169.215 Thread 0x00007faf13826000 nmethod 422 0x000000011d53b810 code [0x000000011d53b9c0, 0x000000011d53bce8]
Event: 169.215 Thread 0x00007faf13826000  423       3       org.eclipse.jdt.launching.internal.org.objectweb.asm.ClassReader::readUtf (44 bytes)
Event: 169.215 Thread 0x00007faf1380f800  426       4       org.eclipse.jdt.launching.internal.org.objectweb.asm.ClassReader::readUnsignedShort (26 bytes)
Event: 169.216 Thread 0x00007faf13826000 nmethod 423 0x000000011d53be90 code [0x000000011d53c060, 0x000000011d53c5a8]
Event: 169.216 Thread 0x00007faf13826000  424       3       org.eclipse.jdt.launching.internal.org.objectweb.asm.Symbol::<init> (38 bytes)
Event: 169.216 Thread 0x00007faf13826000 nmethod 424 0x000000011d53c810 code [0x000000011d53c9c0, 0x000000011d53ccd0]
Event: 169.216 Thread 0x00007faf13826000  425       3       org.eclipse.jdt.launching.internal.org.objectweb.asm.ByteVector::putShort (52 bytes)
Event: 169.218 Thread 0x00007faf13826000 nmethod 425 0x000000011d53cd90 code [0x000000011d53cf40, 0x000000011d53d1c8]
Event: 169.218 Thread 0x00007faf1380f800 nmethod 426 0x00000001249f5590 code [0x00000001249f5720, 0x00000001249f5838]
Event: 225.964 Thread 0x00007faf13826000  427       3       org.eclipse.jdt.launching.internal.org.objectweb.asm.SymbolTable$Entry::<init> (17 bytes)
Event: 225.964 Thread 0x00007faf13826000 nmethod 427 0x000000011d53d310 code [0x000000011d53d4c0, 0x000000011d53d6c8]

GC Heap History (0 events):
No events

Deoptimization events (20 events):
Event: 0.373 Thread 0x00007faf13805800 DEOPT PACKING pc=0x000000011d513c8b sp=0x000000010dbeaf80
Event: 0.373 Thread 0x00007faf13805800 DEOPT UNPACKING pc=0x000000011cf5733a sp=0x000000010dbea468 mode 0
Event: 0.377 Thread 0x00007faf13805800 DEOPT PACKING pc=0x000000011d513c8b sp=0x000000010dbeaf00
Event: 0.377 Thread 0x00007faf13805800 DEOPT UNPACKING pc=0x000000011cf5733a sp=0x000000010dbea3e8 mode 0
Event: 0.377 Thread 0x00007faf13805800 DEOPT PACKING pc=0x000000011d513c8b sp=0x000000010dbeaf00
Event: 0.377 Thread 0x00007faf13805800 DEOPT UNPACKING pc=0x000000011cf5733a sp=0x000000010dbea3e8 mode 0
Event: 0.378 Thread 0x00007faf13805800 DEOPT PACKING pc=0x000000011d513c8b sp=0x000000010dbeafe0
Event: 0.378 Thread 0x00007faf13805800 DEOPT UNPACKING pc=0x000000011cf5733a sp=0x000000010dbea4c8 mode 0
Event: 0.382 Thread 0x00007faf13805800 DEOPT PACKING pc=0x000000011d513c8b sp=0x000000010dbe9d90
Event: 0.382 Thread 0x00007faf13805800 DEOPT UNPACKING pc=0x000000011cf5733a sp=0x000000010dbe9278 mode 0
Event: 0.382 Thread 0x00007faf13805800 DEOPT PACKING pc=0x000000011d513c8b sp=0x000000010dbe9d90
Event: 0.382 Thread 0x00007faf13805800 DEOPT UNPACKING pc=0x000000011cf5733a sp=0x000000010dbe9278 mode 0
Event: 0.386 Thread 0x00007faf13805800 Uncommon trap: trap_request=0xffffff45 fr.pc=0x00000001249e115c relative=0x000000000000023c
Event: 0.386 Thread 0x00007faf13805800 Uncommon trap: reason=unstable_if action=reinterpret pc=0x00000001249e115c method=java.lang.String.hashCode()I @ 42 c2
Event: 0.386 Thread 0x00007faf13805800 DEOPT PACKING pc=0x00000001249e115c sp=0x000000010dbeb860
Event: 0.386 Thread 0x00007faf13805800 DEOPT UNPACKING pc=0x000000011cf56e25 sp=0x000000010dbeb818 mode 2
Event: 0.412 Thread 0x00007faf13805800 Uncommon trap: trap_request=0xffffff45 fr.pc=0x00000001249ebd44 relative=0x0000000000000044
Event: 0.412 Thread 0x00007faf13805800 Uncommon trap: reason=unstable_if action=reinterpret pc=0x00000001249ebd44 method=java.lang.CharacterData.of(I)Ljava/lang/CharacterData; @ 4 c2
Event: 0.412 Thread 0x00007faf13805800 DEOPT PACKING pc=0x00000001249ebd44 sp=0x000000010dbece00
Event: 0.412 Thread 0x00007faf13805800 DEOPT UNPACKING pc=0x000000011cf56e25 sp=0x000000010dbecdc0 mode 2

Classes unloaded (0 events):
No events

Classes redefined (3 events):
Event: 90.218 Thread 0x00007faf1380f000 redefined class name=ReplHomeworks.Repl97, count=1
Event: 169.217 Thread 0x00007faf1380f000 redefined class name=ReplHomeworks.Repl97, count=2
Event: 225.965 Thread 0x00007faf1380f000 redefined class name=ReplHomeworks.Repl97, count=3

Internal exceptions (5 events):
Event: 0.076 Thread 0x00007faf13805800 Exception <a 'java/lang/NoSuchMethodError'{0x0000000787fa6c78}: 'int java.lang.invoke.DirectMethodHandle$Holder.invokeSpecial(java.lang.Object, java.lang.Object, java.lang.Object, java.lang.Object)'> (0x0000000787fa6c78) 
thrown [/scratch/mesos/slaves/d65fa3d4-10de-46aa-a2db-52cc9981537a-S157/frameworks/1735e8a2-a1db-478c-8104-60c8b0af87dd-0196/executors/cd04c109-7866-4c89-a9cb-580d1b4b0057/runs/bdf96710-70fa-465f-a6db-19a171d6559f/workspace/open/src/hotspot/share/interpreter/linkResolver.cpp, line 767]
Event: 0.081 Thread 0x00007faf13805800 Exception <a 'java/lang/NoSuchMethodError'{0x0000000787fb61e8}: 'void java.lang.invoke.DirectMethodHandle$Holder.invokeVirtual(java.lang.Object, java.lang.Object)'> (0x0000000787fb61e8) 
thrown [/scratch/mesos/slaves/d65fa3d4-10de-46aa-a2db-52cc9981537a-S157/frameworks/1735e8a2-a1db-478c-8104-60c8b0af87dd-0196/executors/cd04c109-7866-4c89-a9cb-580d1b4b0057/runs/bdf96710-70fa-465f-a6db-19a171d6559f/workspace/open/src/hotspot/share/interpreter/linkResolver.cpp, line 767]
Event: 0.302 Thread 0x00007faf13805800 Exception <a 'sun/nio/fs/UnixException'{0x0000000787d3ad88}> (0x0000000787d3ad88) 
thrown [/scratch/mesos/slaves/d65fa3d4-10de-46aa-a2db-52cc9981537a-S157/frameworks/1735e8a2-a1db-478c-8104-60c8b0af87dd-0196/executors/cd04c109-7866-4c89-a9cb-580d1b4b0057/runs/bdf96710-70fa-465f-a6db-19a171d6559f/workspace/open/src/hotspot/share/prims/jni.cpp, line 598]
Event: 0.394 Thread 0x00007faf13805800 Exception <a 'java/lang/NoSuchMethodError'{0x0000000787b20bf0}: 'int java.lang.invoke.DirectMethodHandle$Holder.invokeSpecialIFC(java.lang.Object, java.lang.Object, int)'> (0x0000000787b20bf0) 
thrown [/scratch/mesos/slaves/d65fa3d4-10de-46aa-a2db-52cc9981537a-S157/frameworks/1735e8a2-a1db-478c-8104-60c8b0af87dd-0196/executors/cd04c109-7866-4c89-a9cb-580d1b4b0057/runs/bdf96710-70fa-465f-a6db-19a171d6559f/workspace/open/src/hotspot/share/interpreter/linkResolver.cpp, line 767]
Event: 234.310 Thread 0x00007faf1300d800 Exception <a 'java/lang/LinkageError'{0x0000000787e9c5f8}> (0x0000000787e9c5f8) 
thrown [/scratch/mesos/slaves/d65fa3d4-10de-46aa-a2db-52cc9981537a-S157/frameworks/1735e8a2-a1db-478c-8104-60c8b0af87dd-0196/executors/cd04c109-7866-4c89-a9cb-580d1b4b0057/runs/bdf96710-70fa-465f-a6db-19a171d6559f/workspace/open/src/hotspot/share/oops/generateOopMap.cpp, line 2140]

Events (20 events):
Event: 169.225 Executing VM operation: GetStackTrace
Event: 169.225 Executing VM operation: GetStackTrace done
Event: 169.481 Executing VM operation: GetFrameCount
Event: 169.481 Executing VM operation: GetFrameCount done
Event: 169.481 Executing VM operation: GetOwnedMonitorInfo
Event: 169.481 Executing VM operation: GetOwnedMonitorInfo done
Event: 169.481 Executing VM operation: GetCurrentContendedMonitor
Event: 169.481 Executing VM operation: GetCurrentContendedMonitor done
Event: 225.964 Executing VM operation: RedefineClasses
Event: 225.966 Executing VM operation: RedefineClasses done
Event: 225.984 Executing VM operation: GetFrameCount
Event: 225.984 Executing VM operation: GetFrameCount done
Event: 225.984 Executing VM operation: GetStackTrace
Event: 225.984 Executing VM operation: GetStackTrace done
Event: 226.205 Executing VM operation: GetFrameCount
Event: 226.205 Executing VM operation: GetFrameCount done
Event: 226.205 Executing VM operation: GetOwnedMonitorInfo
Event: 226.205 Executing VM operation: GetOwnedMonitorInfo done
Event: 226.205 Executing VM operation: GetCurrentContendedMonitor
Event: 226.206 Executing VM operation: GetCurrentContendedMonitor done


Dynamic libraries:
0x00007fff7609f000 	/usr/lib/libz.1.dylib
0x000000010dac6000 	/Library/Java/JavaVirtualMachines/jdk-13.0.2.jdk/Contents/Home/lib/libjli.dylib
0x00007fff4db1e000 	/System/Library/Frameworks/Cocoa.framework/Versions/A/Cocoa
0x00007fff5a144000 	/System/Library/Frameworks/Security.framework/Versions/A/Security
0x00007fff4c75c000 	/System/Library/Frameworks/ApplicationServices.framework/Versions/A/ApplicationServices
0x00007fff73fcc000 	/usr/lib/libSystem.B.dylib
0x00007fff7614d000 	/usr/lib/system/libcache.dylib
0x00007fff76152000 	/usr/lib/system/libcommonCrypto.dylib
0x00007fff7615d000 	/usr/lib/system/libcompiler_rt.dylib
0x00007fff76165000 	/usr/lib/system/libcopyfile.dylib
0x00007fff7616f000 	/usr/lib/system/libcorecrypto.dylib
0x00007fff7627c000 	/usr/lib/system/libdispatch.dylib
0x00007fff762b6000 	/usr/lib/system/libdyld.dylib
0x00007fff762d4000 	/usr/lib/system/libkeymgr.dylib
0x00007fff762e2000 	/usr/lib/system/liblaunch.dylib
0x00007fff762e3000 	/usr/lib/system/libmacho.dylib
0x00007fff762e8000 	/usr/lib/system/libquarantine.dylib
0x00007fff762eb000 	/usr/lib/system/libremovefile.dylib
0x00007fff762ed000 	/usr/lib/system/libsystem_asl.dylib
0x00007fff76305000 	/usr/lib/system/libsystem_blocks.dylib
0x00007fff76306000 	/usr/lib/system/libsystem_c.dylib
0x00007fff76390000 	/usr/lib/system/libsystem_configuration.dylib
0x00007fff76394000 	/usr/lib/system/libsystem_coreservices.dylib
0x00007fff76398000 	/usr/lib/system/libsystem_darwin.dylib
0x00007fff7639a000 	/usr/lib/system/libsystem_dnssd.dylib
0x00007fff763a1000 	/usr/lib/system/libsystem_info.dylib
0x00007fff76412000 	/usr/lib/system/libsystem_m.dylib
0x00007fff7645e000 	/usr/lib/system/libsystem_malloc.dylib
0x00007fff7647e000 	/usr/lib/system/libsystem_network.dylib
0x00007fff765af000 	/usr/lib/system/libsystem_networkextension.dylib
0x00007fff765ba000 	/usr/lib/system/libsystem_notify.dylib
0x00007fff765d8000 	/usr/lib/system/libsystem_sandbox.dylib
0x00007fff765dc000 	/usr/lib/system/libsystem_secinit.dylib
0x00007fff763eb000 	/usr/lib/system/libsystem_kernel.dylib
0x00007fff765c4000 	/usr/lib/system/libsystem_platform.dylib
0x00007fff765cc000 	/usr/lib/system/libsystem_pthread.dylib
0x00007fff765de000 	/usr/lib/system/libsystem_symptoms.dylib
0x00007fff765e6000 	/usr/lib/system/libsystem_trace.dylib
0x00007fff765fc000 	/usr/lib/system/libunwind.dylib
0x00007fff76602000 	/usr/lib/system/libxpc.dylib
0x00007fff73a92000 	/usr/lib/closure/libclosured.dylib
0x00007fff75685000 	/usr/lib/libobjc.A.dylib
0x00007fff74259000 	/usr/lib/libc++abi.dylib
0x00007fff74202000 	/usr/lib/libc++.1.dylib
0x00007fff4e2d1000 	/System/Library/Frameworks/CoreFoundation.framework/Versions/A/CoreFoundation
0x00007fff50435000 	/System/Library/Frameworks/Foundation.framework/Versions/C/Foundation
0x00007fff4b8ac000 	/System/Library/Frameworks/AppKit.framework/Versions/C/AppKit
0x00007fff4de96000 	/System/Library/Frameworks/CoreData.framework/Versions/A/CoreData
0x00007fff6d881000 	/System/Library/PrivateFrameworks/RemoteViewServices.framework/Versions/A/RemoteViewServices
0x00007fff71ffd000 	/System/Library/PrivateFrameworks/UIFoundation.framework/Versions/A/UIFoundation
0x00007fff6265b000 	/System/Library/PrivateFrameworks/DFRFoundation.framework/Versions/A/DFRFoundation
0x00007fff52aa3000 	/System/Library/Frameworks/Metal.framework/Versions/A/Metal
0x00007fff627f8000 	/System/Library/PrivateFrameworks/DesktopServicesPriv.framework/Versions/A/DesktopServicesPriv
0x00007fff74bd2000 	/usr/lib/libenergytrace.dylib
0x00007fff70069000 	/System/Library/PrivateFrameworks/SkyLight.framework/Versions/A/SkyLight
0x00007fff4e776000 	/System/Library/Frameworks/CoreGraphics.framework/Versions/A/CoreGraphics
0x00007fff73fc7000 	/usr/lib/libScreenReader.dylib
0x00007fff4a846000 	/System/Library/Frameworks/Accelerate.framework/Versions/A/Accelerate
0x00007fff50bb0000 	/System/Library/Frameworks/IOSurface.framework/Versions/A/IOSurface
0x00007fff4cca7000 	/System/Library/Frameworks/AudioToolbox.framework/Versions/A/AudioToolbox
0x00007fff4cf37000 	/System/Library/Frameworks/AudioUnit.framework/Versions/A/AudioUnit
0x00007fff626f3000 	/System/Library/PrivateFrameworks/DataDetectorsCore.framework/Versions/A/DataDetectorsCore
0x00007fff4d611000 	/System/Library/Frameworks/Carbon.framework/Versions/A/Frameworks/HIToolbox.framework/Versions/A/HIToolbox
0x00007fff74d2c000 	/usr/lib/libicucore.A.dylib
0x00007fff596c0000 	/System/Library/Frameworks/QuartzCore.framework/Versions/A/QuartzCore
0x00007fff6f30a000 	/System/Library/PrivateFrameworks/SignpostNotification.framework/Versions/A/SignpostNotification
0x00007fff4d9f7000 	/System/Library/Frameworks/Carbon.framework/Versions/A/Frameworks/SpeechRecognition.framework/Versions/A/SpeechRecognition
0x00007fff74128000 	/usr/lib/libauto.dylib
0x00007fff75f8e000 	/usr/lib/libxml2.2.dylib
0x00007fff622ab000 	/System/Library/PrivateFrameworks/CoreUI.framework/Versions/A/CoreUI
0x00007fff4dd72000 	/System/Library/Frameworks/CoreAudio.framework/Versions/A/CoreAudio
0x00007fff5026f000 	/System/Library/Frameworks/DiskArbitration.framework/Versions/A/DiskArbitration
0x00007fff74fa0000 	/usr/lib/liblangid.dylib
0x00007fff69d88000 	/System/Library/PrivateFrameworks/MultitouchSupport.framework/Versions/A/MultitouchSupport
0x00007fff50b13000 	/System/Library/Frameworks/IOKit.framework/Versions/A/IOKit
0x00007fff73c56000 	/usr/lib/libDiagnosticMessagesClient.dylib
0x00007fff4f44c000 	/System/Library/Frameworks/CoreServices.framework/Versions/A/CoreServices
0x00007fff6b8bd000 	/System/Library/PrivateFrameworks/PerformanceAnalysis.framework/Versions/A/PerformanceAnalysis
0x00007fff5885d000 	/System/Library/Frameworks/OpenGL.framework/Versions/A/OpenGL
0x00007fff4db2c000 	/System/Library/Frameworks/ColorSync.framework/Versions/A/ColorSync
0x00007fff4ed88000 	/System/Library/Frameworks/CoreImage.framework/Versions/A/CoreImage
0x00007fff4fddd000 	/System/Library/Frameworks/CoreText.framework/Versions/A/CoreText
0x00007fff50c0e000 	/System/Library/Frameworks/ImageIO.framework/Versions/A/ImageIO
0x00007fff5ef57000 	/System/Library/PrivateFrameworks/Backup.framework/Versions/A/Backup
0x00007fff74078000 	/usr/lib/libarchive.2.dylib
0x00007fff4d25a000 	/System/Library/Frameworks/CFNetwork.framework/Versions/A/CFNetwork
0x00007fff5a8d7000 	/System/Library/Frameworks/SystemConfiguration.framework/Versions/A/SystemConfiguration
0x00007fff73b7f000 	/usr/lib/libCRFSuite.dylib
0x00007fff741e3000 	/usr/lib/libbsm.0.dylib
0x00007fff762d5000 	/usr/lib/system/libkxld.dylib
0x00007fff73e90000 	/usr/lib/libOpenScriptingUtil.dylib
0x00007fff74552000 	/usr/lib/libcoretls.dylib
0x00007fff7456b000 	/usr/lib/libcoretls_cfhelpers.dylib
0x00007fff75a86000 	/usr/lib/libpam.2.dylib
0x00007fff75bb1000 	/usr/lib/libsqlite3.dylib
0x00007fff75f7d000 	/usr/lib/libxar.1.dylib
0x00007fff741f4000 	/usr/lib/libbz2.1.0.dylib
0x00007fff74fa2000 	/usr/lib/liblzma.5.dylib
0x00007fff75483000 	/usr/lib/libnetwork.dylib
0x00007fff74061000 	/usr/lib/libapple_nghttp2.dylib
0x00007fff75a8d000 	/usr/lib/libpcap.A.dylib
0x00007fff74129000 	/usr/lib/libboringssl.dylib
0x00007fff75f18000 	/usr/lib/libusrtcp.dylib
0x00007fff74060000 	/usr/lib/libapple_crypto.dylib
0x00007fff4f7cf000 	/System/Library/Frameworks/CoreServices.framework/Versions/A/Frameworks/FSEvents.framework/Versions/A/FSEvents
0x00007fff4f4c2000 	/System/Library/Frameworks/CoreServices.framework/Versions/A/Frameworks/CarbonCore.framework/Versions/A/CarbonCore
0x00007fff4f997000 	/System/Library/Frameworks/CoreServices.framework/Versions/A/Frameworks/Metadata.framework/Versions/A/Metadata
0x00007fff4fa48000 	/System/Library/Frameworks/CoreServices.framework/Versions/A/Frameworks/OSServices.framework/Versions/A/OSServices
0x00007fff4faa9000 	/System/Library/Frameworks/CoreServices.framework/Versions/A/Frameworks/SearchKit.framework/Versions/A/SearchKit
0x00007fff4f44d000 	/System/Library/Frameworks/CoreServices.framework/Versions/A/Frameworks/AE.framework/Versions/A/AE
0x00007fff4f7d8000 	/System/Library/Frameworks/CoreServices.framework/Versions/A/Frameworks/LaunchServices.framework/Versions/A/LaunchServices
0x00007fff4f79a000 	/System/Library/Frameworks/CoreServices.framework/Versions/A/Frameworks/DictionaryServices.framework/Versions/A/DictionaryServices
0x00007fff4fb18000 	/System/Library/Frameworks/CoreServices.framework/Versions/A/Frameworks/SharedFileList.framework/Versions/A/SharedFileList
0x00007fff53cd9000 	/System/Library/Frameworks/NetFS.framework/Versions/A/NetFS
0x00007fff6a019000 	/System/Library/PrivateFrameworks/NetAuth.framework/Versions/A/NetAuth
0x00007fff73929000 	/System/Library/PrivateFrameworks/login.framework/Versions/A/Frameworks/loginsupport.framework/Versions/A/loginsupport
0x00007fff71c7a000 	/System/Library/PrivateFrameworks/TCC.framework/Versions/A/TCC
0x00007fff75083000 	/usr/lib/libmecabra.dylib
0x00007fff4c75d000 	/System/Library/Frameworks/ApplicationServices.framework/Versions/A/Frameworks/ATS.framework/Versions/A/ATS
0x00007fff4cb0c000 	/System/Library/Frameworks/ApplicationServices.framework/Versions/A/Frameworks/ColorSyncLegacy.framework/Versions/A/ColorSyncLegacy
0x00007fff4cbb0000 	/System/Library/Frameworks/ApplicationServices.framework/Versions/A/Frameworks/HIServices.framework/Versions/A/HIServices
0x00007fff4cc03000 	/System/Library/Frameworks/ApplicationServices.framework/Versions/A/Frameworks/LangAnalysis.framework/Versions/A/LangAnalysis
0x00007fff4cc12000 	/System/Library/Frameworks/ApplicationServices.framework/Versions/A/Frameworks/PrintCore.framework/Versions/A/PrintCore
0x00007fff4cc5f000 	/System/Library/Frameworks/ApplicationServices.framework/Versions/A/Frameworks/QD.framework/Versions/A/QD
0x00007fff4cc9a000 	/System/Library/Frameworks/ApplicationServices.framework/Versions/A/Frameworks/SpeechSynthesis.framework/Versions/A/SpeechSynthesis
0x00007fff4e1ed000 	/System/Library/Frameworks/CoreDisplay.framework/Versions/A/CoreDisplay
0x00007fff4a85e000 	/System/Library/Frameworks/Accelerate.framework/Versions/A/Frameworks/vImage.framework/Versions/A/vImage
0x00007fff4b5b8000 	/System/Library/Frameworks/Accelerate.framework/Versions/A/Frameworks/vecLib.framework/Versions/A/vecLib
0x00007fff4b358000 	/System/Library/Frameworks/Accelerate.framework/Versions/A/Frameworks/vecLib.framework/Versions/A/libvDSP.dylib
0x00007fff4aeb8000 	/System/Library/Frameworks/Accelerate.framework/Versions/A/Frameworks/vecLib.framework/Versions/A/libBNNS.dylib
0x00007fff4b2bd000 	/System/Library/Frameworks/Accelerate.framework/Versions/A/Frameworks/vecLib.framework/Versions/A/libQuadrature.dylib
0x00007fff4b506000 	/System/Library/Frameworks/Accelerate.framework/Versions/A/Frameworks/vecLib.framework/Versions/A/libvMisc.dylib
0x00007fff4aee7000 	/System/Library/Frameworks/Accelerate.framework/Versions/A/Frameworks/vecLib.framework/Versions/A/libLAPACK.dylib
0x00007fff4ad5d000 	/System/Library/Frameworks/Accelerate.framework/Versions/A/Frameworks/vecLib.framework/Versions/A/libBLAS.dylib
0x00007fff4b2a7000 	/System/Library/Frameworks/Accelerate.framework/Versions/A/Frameworks/vecLib.framework/Versions/A/libLinearAlgebra.dylib
0x00007fff4b2c3000 	/System/Library/Frameworks/Accelerate.framework/Versions/A/Frameworks/vecLib.framework/Versions/A/libSparse.dylib
0x00007fff4b344000 	/System/Library/Frameworks/Accelerate.framework/Versions/A/Frameworks/vecLib.framework/Versions/A/libSparseBLAS.dylib
0x00007fff66e32000 	/System/Library/PrivateFrameworks/GPUWrangler.framework/Versions/A/GPUWrangler
0x00007fff685c6000 	/System/Library/PrivateFrameworks/IOAccelerator.framework/Versions/A/IOAccelerator
0x00007fff685d1000 	/System/Library/PrivateFrameworks/IOPresentment.framework/Versions/A/IOPresentment
0x00007fff6266d000 	/System/Library/PrivateFrameworks/DSExternalDisplay.framework/Versions/A/DSExternalDisplay
0x00007fff57cdc000 	/System/Library/Frameworks/OpenGL.framework/Versions/A/Libraries/libCoreFSCache.dylib
0x00007fff4ff2e000 	/System/Library/Frameworks/CoreVideo.framework/Versions/A/CoreVideo
0x00007fff67bad000 	/System/Library/PrivateFrameworks/GraphVisualizer.framework/Versions/A/GraphVisualizer
0x00007fff52cda000 	/System/Library/Frameworks/MetalPerformanceShaders.framework/Versions/A/MetalPerformanceShaders
0x00007fff73c8e000 	/usr/lib/libFosl_dynamic.dylib
0x00007fff6373c000 	/System/Library/PrivateFrameworks/FaceCore.framework/Versions/A/FaceCore
0x00007fff56ad7000 	/System/Library/Frameworks/OpenCL.framework/Versions/A/OpenCL
0x00007fff74290000 	/usr/lib/libcompression.dylib
0x00007fff4c85c000 	/System/Library/Frameworks/ApplicationServices.framework/Versions/A/Frameworks/ATS.framework/Versions/A/Resources/libFontParser.dylib
0x00007fff4c97f000 	/System/Library/Frameworks/ApplicationServices.framework/Versions/A/Frameworks/ATS.framework/Versions/A/Resources/libFontRegistry.dylib
0x00007fff50e77000 	/System/Library/Frameworks/ImageIO.framework/Versions/A/Resources/libJPEG.dylib
0x00007fff511a0000 	/System/Library/Frameworks/ImageIO.framework/Versions/A/Resources/libTIFF.dylib
0x00007fff51176000 	/System/Library/Frameworks/ImageIO.framework/Versions/A/Resources/libPng.dylib
0x00007fff50d8a000 	/System/Library/Frameworks/ImageIO.framework/Versions/A/Resources/libGIF.dylib
0x00007fff50d8f000 	/System/Library/Frameworks/ImageIO.framework/Versions/A/Resources/libJP2.dylib
0x00007fff5119d000 	/System/Library/Frameworks/ImageIO.framework/Versions/A/Resources/libRadiance.dylib
0x00007fff5e681000 	/System/Library/PrivateFrameworks/AppleJPEG.framework/Versions/A/AppleJPEG
0x00007fff52b41000 	/System/Library/Frameworks/MetalPerformanceShaders.framework/Frameworks/MPSCore.framework/Versions/A/MPSCore
0x00007fff52b5d000 	/System/Library/Frameworks/MetalPerformanceShaders.framework/Frameworks/MPSImage.framework/Versions/A/MPSImage
0x00007fff52bf2000 	/System/Library/Frameworks/MetalPerformanceShaders.framework/Frameworks/MPSNeuralNetwork.framework/Versions/A/MPSNeuralNetwork
0x00007fff52bcd000 	/System/Library/Frameworks/MetalPerformanceShaders.framework/Frameworks/MPSMatrix.framework/Versions/A/MPSMatrix
0x00007fff69ac8000 	/System/Library/PrivateFrameworks/MetalTools.framework/Versions/A/MetalTools
0x00007fff57ea7000 	/System/Library/Frameworks/OpenGL.framework/Versions/A/Libraries/libGLU.dylib
0x00007fff57ce7000 	/System/Library/Frameworks/OpenGL.framework/Versions/A/Libraries/libGFXShared.dylib
0x00007fff57cf1000 	/System/Library/Frameworks/OpenGL.framework/Versions/A/Libraries/libGL.dylib
0x00007fff57cfd000 	/System/Library/Frameworks/OpenGL.framework/Versions/A/Libraries/libGLImage.dylib
0x00007fff57cd9000 	/System/Library/Frameworks/OpenGL.framework/Versions/A/Libraries/libCVMSPluginSupport.dylib
0x00007fff57ce2000 	/System/Library/Frameworks/OpenGL.framework/Versions/A/Libraries/libCoreVMClient.dylib
0x00007fff74a3d000 	/usr/lib/libcups.2.dylib
0x00007fff520a8000 	/System/Library/Frameworks/Kerberos.framework/Versions/A/Kerberos
0x00007fff5086d000 	/System/Library/Frameworks/GSS.framework/Versions/A/GSS
0x00007fff75b44000 	/usr/lib/libresolv.9.dylib
0x00007fff74c3a000 	/usr/lib/libiconv.2.dylib
0x00007fff67c3f000 	/System/Library/PrivateFrameworks/Heimdal.framework/Versions/A/Heimdal
0x00007fff74c09000 	/usr/lib/libheimdal-asn1.dylib
0x00007fff56b4f000 	/System/Library/Frameworks/OpenDirectory.framework/Versions/A/OpenDirectory
0x00007fff60998000 	/System/Library/PrivateFrameworks/CommonAuth.framework/Versions/A/CommonAuth
0x00007fff56b32000 	/System/Library/Frameworks/OpenDirectory.framework/Versions/A/Frameworks/CFOpenDirectory.framework/Versions/A/CFOpenDirectory
0x00007fff5a470000 	/System/Library/Frameworks/SecurityFoundation.framework/Versions/A/SecurityFoundation
0x00007fff5d844000 	/System/Library/PrivateFrameworks/APFS.framework/Versions/A/APFS
0x00007fff75f79000 	/usr/lib/libutil.dylib
0x00007fff5e704000 	/System/Library/PrivateFrameworks/AppleSauce.framework/Versions/A/AppleSauce
0x00007fff68dae000 	/System/Library/PrivateFrameworks/LinguisticData.framework/Versions/A/LinguisticData
0x00007fff74fbc000 	/usr/lib/libmarisa.dylib
0x00007fff68d68000 	/System/Library/PrivateFrameworks/Lexicon.framework/Versions/A/Lexicon
0x00007fff73bb9000 	/usr/lib/libChineseTokenizer.dylib
0x00007fff7427f000 	/usr/lib/libcmph.dylib
0x00007fff68c72000 	/System/Library/PrivateFrameworks/LanguageModeling.framework/Versions/A/LanguageModeling
0x00007fff614b5000 	/System/Library/PrivateFrameworks/CoreEmoji.framework/Versions/A/CoreEmoji
0x00007fff5a52e000 	/System/Library/Frameworks/ServiceManagement.framework/Versions/A/ServiceManagement
0x00007fff5ef4f000 	/System/Library/PrivateFrameworks/BackgroundTaskManagement.framework/Versions/A/BackgroundTaskManagement
0x00007fff76076000 	/usr/lib/libxslt.1.dylib
0x00007fff4d921000 	/System/Library/Frameworks/Carbon.framework/Versions/A/Frameworks/Ink.framework/Versions/A/Ink
0x00007fff71e8f000 	/System/Library/PrivateFrameworks/TextureIO.framework/Versions/A/TextureIO
0x00007fff740a3000 	/usr/lib/libate.dylib
0x00007fff625cc000 	/System/Library/PrivateFrameworks/CrashReporterSupport.framework/Versions/A/CrashReporterSupport
0x00007fff6f1ca000 	/System/Library/PrivateFrameworks/Sharing.framework/Versions/A/Sharing
0x00007fff689b3000 	/System/Library/PrivateFrameworks/IconServices.framework/Versions/A/IconServices
0x00007fff5eb7f000 	/System/Library/PrivateFrameworks/AuthKit.framework/Versions/A/AuthKit
0x00007fff5e504000 	/System/Library/PrivateFrameworks/Apple80211.framework/Versions/A/Apple80211
0x00007fff623e1000 	/System/Library/PrivateFrameworks/CoreUtils.framework/Versions/A/CoreUtils
0x00007fff4ff69000 	/System/Library/Frameworks/CoreWLAN.framework/Versions/A/CoreWLAN
0x00007fff509af000 	/System/Library/Frameworks/IOBluetooth.framework/Versions/A/IOBluetooth
0x00007fff6d68c000 	/System/Library/PrivateFrameworks/ProtocolBuffer.framework/Versions/A/ProtocolBuffer
0x00007fff69ce3000 	/System/Library/PrivateFrameworks/MobileKeyBag.framework/Versions/A/MobileKeyBag
0x00007fff61c59000 	/System/Library/PrivateFrameworks/CorePhoneNumbers.framework/Versions/A/CorePhoneNumbers
0x00007fff5e63c000 	/System/Library/PrivateFrameworks/AppleIDAuthSupport.framework/Versions/A/AppleIDAuthSupport
0x00007fff68c5e000 	/System/Library/PrivateFrameworks/KeychainCircle.framework/Versions/A/KeychainCircle
0x00007fff62567000 	/System/Library/PrivateFrameworks/CoreWiFi.framework/Versions/A/CoreWiFi
0x00007fff4de6c000 	/System/Library/Frameworks/CoreBluetooth.framework/Versions/A/CoreBluetooth
0x00007fff627b7000 	/System/Library/PrivateFrameworks/DebugSymbols.framework/Versions/A/DebugSymbols
0x00007fff62197000 	/System/Library/PrivateFrameworks/CoreSymbolication.framework/Versions/A/CoreSymbolication
0x00007fff71681000 	/System/Library/PrivateFrameworks/Symbolication.framework/Versions/A/Symbolication
0x00007fff5e52e000 	/System/Library/PrivateFrameworks/AppleFSCompression.framework/Versions/A/AppleFSCompression
0x00007fff70ace000 	/System/Library/PrivateFrameworks/SpeechRecognitionCore.framework/Versions/A/SpeechRecognitionCore
0x000000010e400000 	/Library/Java/JavaVirtualMachines/jdk-13.0.2.jdk/Contents/Home/lib/server/libjvm.dylib
0x000000010dbf0000 	/Library/Java/JavaVirtualMachines/jdk-13.0.2.jdk/Contents/Home/lib/libverify.dylib
0x000000010f1d5000 	/Library/Java/JavaVirtualMachines/jdk-13.0.2.jdk/Contents/Home/lib/libjava.dylib
0x000000010f1f9000 	/Library/Java/JavaVirtualMachines/jdk-13.0.2.jdk/Contents/Home/lib/libjdwp.dylib
0x000000010f22f000 	/Library/Java/JavaVirtualMachines/jdk-13.0.2.jdk/Contents/Home/lib/libinstrument.dylib
0x000000010f2b2000 	/Library/Java/JavaVirtualMachines/jdk-13.0.2.jdk/Contents/Home/lib/libzip.dylib
0x000000010f2b9000 	/Library/Java/JavaVirtualMachines/jdk-13.0.2.jdk/Contents/Home/lib/libjimage.dylib
0x000000011ce3a000 	/Library/Java/JavaVirtualMachines/jdk-13.0.2.jdk/Contents/Home/lib/libnio.dylib
0x000000011ce48000 	/Library/Java/JavaVirtualMachines/jdk-13.0.2.jdk/Contents/Home/lib/./libnet.dylib
0x000000011ce5b000 	/Library/Java/JavaVirtualMachines/jdk-13.0.2.jdk/Contents/Home/lib/libdt_socket.dylib


VM Arguments:
jvm_args: -agentlib:jdwp=transport=dt_socket,suspend=y,address=localhost:51309 -javaagent:/Users/seymaatasoy/eclipse/java-2019-1230/Eclipse.app/Contents/Eclipse/configuration/org.eclipse.osgi/219/0/.cp/lib/javaagent-shaded.jar -Dfile.encoding=UTF-8 --module-path=/Users/seymaatasoy/eclipse-workspace/Repl/bin -Djdk.module.main=Repl 
java_command: Repl/ReplHomeworks.Repl97
java_class_path (initial): <not set>
Launcher Type: SUN_STANDARD

[Global flags]
     intx CICompilerCount                          = 3                                         {product} {ergonomic}
     uint ConcGCThreads                            = 1                                         {product} {ergonomic}
     uint G1ConcRefinementThreads                  = 4                                         {product} {ergonomic}
   size_t G1HeapRegionSize                         = 1048576                                   {product} {ergonomic}
    uintx GCDrainStackTargetSize                   = 64                                        {product} {ergonomic}
   size_t InitialHeapSize                          = 134217728                                 {product} {ergonomic}
   size_t MarkStackSize                            = 4194304                                   {product} {ergonomic}
   size_t MaxHeapSize                              = 2147483648                                {product} {ergonomic}
   size_t MaxNewSize                               = 1287651328                                {product} {ergonomic}
   size_t MinHeapDeltaBytes                        = 1048576                                   {product} {ergonomic}
   size_t MinHeapSize                              = 8388608                                   {product} {ergonomic}
    uintx NonNMethodCodeHeapSize                   = 5832780                                {pd product} {ergonomic}
    uintx NonProfiledCodeHeapSize                  = 122912730                              {pd product} {ergonomic}
    uintx ProfiledCodeHeapSize                     = 122912730                              {pd product} {ergonomic}
    uintx ReservedCodeCacheSize                    = 251658240                              {pd product} {ergonomic}
     bool SegmentedCodeCache                       = true                                      {product} {ergonomic}
   size_t SoftMaxHeapSize                          = 2147483648                             {manageable} {ergonomic}
     bool UseCompressedClassPointers               = true                                 {lp64_product} {ergonomic}
     bool UseCompressedOops                        = true                                 {lp64_product} {ergonomic}
     bool UseG1GC                                  = true                                      {product} {ergonomic}

Logging:
Log output configuration:
 #0: stdout all=warning uptime,level,tags
 #1: stderr all=off uptime,level,tags

Environment Variables:
PATH=/usr/bin:/bin:/usr/sbin:/sbin
SHELL=/bin/bash

Signal Handlers:
SIGSEGV: [libjvm.dylib+0x77ba40], sa_mask[0]=11111111011111110111111111111111, sa_flags=SA_ONSTACK|SA_RESTART|SA_SIGINFO
SIGBUS: [libjvm.dylib+0x77ba40], sa_mask[0]=11111111011111110111111111111111, sa_flags=SA_RESTART|SA_SIGINFO
SIGFPE: [libjvm.dylib+0x77ba40], sa_mask[0]=11111111011111110111111111111111, sa_flags=SA_RESTART|SA_SIGINFO
SIGPIPE: [libjvm.dylib+0x6221fd], sa_mask[0]=11111111011111110111111111111111, sa_flags=SA_RESTART|SA_SIGINFO
SIGXFSZ: [libjvm.dylib+0x6221fd], sa_mask[0]=11111111011111110111111111111111, sa_flags=SA_RESTART|SA_SIGINFO
SIGILL: [libjvm.dylib+0x77ba40], sa_mask[0]=11111111011111110111111111111111, sa_flags=SA_RESTART|SA_SIGINFO
SIGUSR2: [libjvm.dylib+0x6227e7], sa_mask[0]=00100000000000000000000000000000, sa_flags=SA_RESTART|SA_SIGINFO
SIGHUP: [libjvm.dylib+0x6217d5], sa_mask[0]=11111111011111110111111111111111, sa_flags=SA_RESTART|SA_SIGINFO
SIGINT: [libjvm.dylib+0x6217d5], sa_mask[0]=11111111011111110111111111111111, sa_flags=SA_RESTART|SA_SIGINFO
SIGTERM: [libjvm.dylib+0x6217d5], sa_mask[0]=11111111011111110111111111111111, sa_flags=SA_RESTART|SA_SIGINFO
SIGQUIT: [libjvm.dylib+0x6217d5], sa_mask[0]=11111111011111110111111111111111, sa_flags=SA_RESTART|SA_SIGINFO


---------------  S Y S T E M  ---------------

OS:uname:Darwin 17.7.0 Darwin Kernel Version 17.7.0: Thu Jan 23 07:05:23 PST 2020; root:xnu-4570.71.69~1/RELEASE_X86_64 x86_64
rlimit: STACK 8192k, CORE 0k, NPROC 709, NOFILE 10240, AS infinity, DATA infinity, FSIZE infinity
load average:2.13 1.84 1.87

CPU:total 4 (initial active 4) (2 cores per cpu, 2 threads per core) family 6 model 142 stepping 9, cmov, cx8, fxsr, mmx, sse, sse2, sse3, ssse3, sse4.1, sse4.2, popcnt, avx, avx2, aes, clmul, erms, rtm, 3dnowpref, lzcnt, ht, tsc, tscinvbit, bmi1, bmi2, adx, fma

Memory: 4k page, physical 8388608k(61488k free), swap 2097152k(1249536k free)

vm_info: Java HotSpot(TM) 64-Bit Server VM (13.0.2+8) for bsd-amd64 JRE (13.0.2+8), built on Dec 11 2019 09:27:08 by "mach5one" with clang 4.2.1 Compatible Apple LLVM 10.0.0 (clang-1000.11.45.5)

END.
